0 info it worked if it ends with ok
1 verbose cli [ '/usr/bin/nodejs', '/usr/bin/npm', 'start' ]
2 info using npm@1.2.18
3 info using node@v0.10.15
4 verbose read json /home/tyrel/Code/ruby/rails/projects/google_hackathon_front_end/package.json
5 verbose run-script [ 'prestart', 'start', 'poststart' ]
6 info prestart angular-phonecat@0.0.0
7 verbose unsafe-perm in lifecycle true
8 silly exec sh "-c" "npm install"
9 silly sh,-c,npm install,/home/tyrel/Code/ruby/rails/projects/google_hackathon_front_end spawning
10 info angular-phonecat@0.0.0 Failed to exec prestart script
11 error angular-phonecat@0.0.0 prestart: `npm install`
11 error `sh "-c" "npm install"` failed with 1
12 error Failed at the angular-phonecat@0.0.0 prestart script.
12 error This is most likely a problem with the angular-phonecat package,
12 error not with npm itself.
12 error Tell the author that this fails on your system:
12 error     npm install
12 error You can get their info via:
12 error     npm owner ls angular-phonecat
12 error There is likely additional logging output above.
13 error System Linux 3.11.0-19-generic
14 error command "/usr/bin/nodejs" "/usr/bin/npm" "start"
15 error cwd /home/tyrel/Code/ruby/rails/projects/google_hackathon_front_end
16 error node -v v0.10.15
17 error npm -v 1.2.18
18 error code ELIFECYCLE
19 verbose exit [ 1, true ]
